
> @ build C:\PROYECTOS\APPS\cjhirashi-app
> next build

   ▲ Next.js 16.0.1 (Turbopack)
   - Environments: .env.local, .env

 ⚠ The "middleware" file convention is deprecated. Please use "proxy" instead. Learn more: https://nextjs.org/docs/messages/middleware-to-proxy
   Creating an optimized production build ...
 ✓ Compiled successfully in 30.2s
   Running TypeScript ...
Failed to compile.

./app/api/admin/analytics/export/route.ts:181:31
Type error: Argument of type '{ filters: AnalyticsFilters; metrics: AnalyticsMetrics; growth: UserGrowthData[]; activity: ActivityBreakdown[]; topUsers: TopUser[]; }' is not assignable to parameter of type 'ExportData'.
  Types of property 'topUsers' are incompatible.
    Type 'TopUser[]' is not assignable to type '{ fullName: string | null; email: string | null; role: string; actionCount: number; lastActionAt: Date | null; }[]'.
      Type 'TopUser' is not assignable to type '{ fullName: string | null; email: string | null; role: string; actionCount: number; lastActionAt: Date | null; }'.
        Types of property 'role' are incompatible.
          Type 'string | null' is not assignable to type 'string'.
            Type 'null' is not assignable to type 'string'.

[0m [90m 179 |[39m     [36mswitch[39m (format) {
 [90m 180 |[39m       [36mcase[39m [32m'csv'[39m[33m:[39m
[31m[1m>[22m[39m[90m 181 |[39m         content [33m=[39m generateCSV(exportData)
 [90m     |[39m                               [31m[1m^[22m[39m
 [90m 182 |[39m         contentType [33m=[39m [32m'text/csv;charset=utf-8'[39m
 [90m 183 |[39m         filename [33m=[39m [32m`analytics-report-${new Date().toISOString().split('T')[0]}.csv`[39m
 [90m 184 |[39m         [36mbreak[39m[0m
Next.js build worker exited with code: 1 and signal: null
 ELIFECYCLE  Command failed with exit code 1.
