
> @ build C:\PROYECTOS\APPS\cjhirashi-app
> next build

   ▲ Next.js 16.0.1 (Turbopack)
   - Environments: .env.local, .env

 ⚠ The "middleware" file convention is deprecated. Please use "proxy" instead. Learn more: https://nextjs.org/docs/messages/middleware-to-proxy
   Creating an optimized production build ...
 ✓ Compiled successfully in 27.6s
   Running TypeScript ...
Failed to compile.

./app/api/admin/audit-logs/export/route.ts:53:24
Type error: No overload matches this call.
  Overload 1 of 4, '(value: string | number | Date): Date', gave the following error.
    Argument of type 'unknown' is not assignable to parameter of type 'string | number | Date'.
  Overload 2 of 4, '(value: string | number): Date', gave the following error.
    Argument of type 'unknown' is not assignable to parameter of type 'string | number'.

[0m [90m 51 |[39m   [36mconst[39m rows [33m=[39m logs[33m.[39mmap((log) [33m=>[39m [
 [90m 52 |[39m     escapeCSV(log[33m.[39mid)[33m,[39m
[31m[1m>[22m[39m[90m 53 |[39m     escapeCSV([36mnew[39m [33mDate[39m(log[33m.[39mcreated_at)[33m.[39mtoISOString())[33m,[39m
 [90m    |[39m                        [31m[1m^[22m[39m
 [90m 54 |[39m     escapeCSV(log[33m.[39muser_name [33m||[39m log[33m.[39muser_email [33m||[39m [32m'Sistema'[39m)[33m,[39m
 [90m 55 |[39m     escapeCSV(log[33m.[39muser_email)[33m,[39m
 [90m 56 |[39m     escapeCSV(log[33m.[39muser_role)[33m,[39m[0m
Next.js build worker exited with code: 1 and signal: null
 ELIFECYCLE  Command failed with exit code 1.
